<?xml version="1.0" encoding="UTF-8"?>
<testng-results ignored="0" total="1" passed="1" failed="0" skipped="0">
  <reporter-output>
  </reporter-output>
  <suite started-at="2023-04-13T13:16:23 GST" name="Default suite" finished-at="2023-04-13T13:16:23 GST" duration-ms="75">
    <groups>
    </groups>
    <test started-at="2023-04-13T13:16:23 GST" name="Default test" finished-at="2023-04-13T13:16:23 GST" duration-ms="75">
      <class name="sample.demo1">
        <test-method signature="demo()[pri:0, instance:sample.demo1@769e7ee8]" started-at="2023-04-13T13:16:23 GST" name="demo" finished-at="2023-04-13T13:16:23 GST" duration-ms="25" status="PASS">
          <reporter-output>
          </reporter-output>
        </test-method> <!-- demo -->
      </class> <!-- sample.demo1 -->
    </test> <!-- Default test -->
  </suite> <!-- Default suite -->
</testng-results>
